(---------------------------------------------------------------------)
(                                                                     )
(    Allegro Netrev Import Logic                                      )
(                                                                     )
(    Drawing          : sensor.brd                                    )
(    Software Version : 17.2S055                                      )
(    Date/Time        : Fri Jul 19 13:25:59 2019                      )
(                                                                     )
(---------------------------------------------------------------------)


------ Directives ------------

Ripup etch:                  No
Ripup delete first segment:  No
Ripup retain bondwire:       No
Ripup symbols:               Always
Missing symbol has error:    No
DRC update:                  Yes
Schematic directory:         'C:\ORCAD_PROJECTS\RAILROAD\allegro'
Design Directory:            'C:/ORCAD_PROJECTS/RAILROAD/allegro'
Old design name:             'C:/ORCAD_PROJECTS/RAILROAD/allegro/sensor.brd'
New design name:             'C:/ORCAD_PROJECTS/RAILROAD/allegro/sensor.brd'

CmdLine: netrev.exe -y 1 -i C:\ORCAD_PROJECTS\RAILROAD\allegro C:\ORCAD_PROJECTS\RAILROAD\allegro\sensor.brd C:\ORCAD_PROJECTS\RAILROAD\allegro\sensor.brd

------ Preparing to read pst files ------

Starting to read C:/ORCAD_PROJECTS/RAILROAD/allegro/pstchip.dat 
   Finished reading C:/ORCAD_PROJECTS/RAILROAD/allegro/pstchip.dat (00:00:00.06)
Starting to read C:/ORCAD_PROJECTS/RAILROAD/allegro/pstxprt.dat 
   Finished reading C:/ORCAD_PROJECTS/RAILROAD/allegro/pstxprt.dat (00:00:00.00)
Starting to read C:/ORCAD_PROJECTS/RAILROAD/allegro/pstxnet.dat 
   Finished reading C:/ORCAD_PROJECTS/RAILROAD/allegro/pstxnet.dat (00:00:00.00)

------ Oversights/Warnings/Errors ------


------ Library Paths ------
MODULEPATH =  . 
           C:/Cadence/SPB_17.2/share/local/pcb/modules 

PSMPATH =  . 
           symbols 
           .. 
           ../symbols 
           C:/Cadence/SPB_17.2/share/local/pcb/symbols 
           C:/Cadence/SPB_17.2/share/pcb/pcb_lib/symbols 
           C:/Cadence/SPB_17.2/share/pcb/allegrolib/symbols 
           C:/orcad/pcb_symbols/ 

PADPATH =  . 
           symbols 
           .. 
           ../symbols 
           C:/Cadence/SPB_17.2/share/local/pcb/padstacks 
           C:/Cadence/SPB_17.2/share/pcb/pcb_lib/symbols 
           C:/Cadence/SPB_17.2/share/pcb/allegrolib/symbols 
           C:/orcad/pcb_symbols/ 


------ Summary Statistics ------


netrev run on Jul 19 13:25:59 2019
   DESIGN NAME : 'RAILLROAD'
   PACKAGING ON May 11 2019 05:12:43

   COMPILE 'logic'
   CHECK_PIN_NAMES OFF
   CROSS_REFERENCE OFF
   FEEDBACK OFF
   INCREMENTAL OFF
   INTERFACE_TYPE PHYSICAL
   MAX_ERRORS 500
   MERGE_MINIMUM 5
   NET_NAME_CHARS '#%&()*+-./:=>?@[]^_`|'
   NET_NAME_LENGTH 24
   OVERSIGHTS ON
   REPLACE_CHECK OFF
   SINGLE_NODE_NETS ON
   SPLIT_MINIMUM 0
   SUPPRESS   20
   WARNINGS ON

 No error detected
 No oversight detected
 No warning detected

cpu time      0:02:35
elapsed time  0:00:02

