Mon Jul 15 15:21:25 2019				Page     1


 
Update Symbols/Modules Logfile
	Mon Jul 15 15:21:25 2019

------ Module Refresh Messages ------

SUMMARY:    Updated 0 out of 0 modules

------ End Module Messages     ------



(---------------------------------------------------------------------)
(                                                                     )
(    Refresh Symbol                                                   )
(                                                                     )
(    Drawing          : RAILLROAD.brd                                 )
(    Software Version : 17.2S055                                      )
(    Date/Time        : Mon Jul 15 15:21:25 2019                      )
(                                                                     )
(---------------------------------------------------------------------)


Mon Jul 15 15:21:25 2019				Page     1


------ Symbol Refresh Directives ------

Input design  = 'C:/ORCAD_PROJECTS/RAILROAD/allegro/RAILLROAD.brd'
Output design = ''

Update mechanical symbols              = 'NO'
Update format symbols                  = 'NO'
Update package symbols                 = 'NO'
Update shape/flash symbols             = 'NO'
Update symbol padstacks                = 'NO'
Preserve padstacks replaced on pins    = 'NO'
Reset symbol text and size locations   = 'NO'
Reset Pin Escapes (fanouts)            = 'NO'
Ripup Etch                             = 'NO'
Reset custom drill data                = 'NO'
Symbol list file                       = 'C:/Users/tbriggs/AppData/Local/Temp/#Taaaaao09792.tmp'


------ Library Paths ------
PSMPATH =  . 
           symbols 
           .. 
           ../symbols 
           C:/Cadence/SPB_17.2/share/local/pcb/symbols 
           C:/Cadence/SPB_17.2/share/pcb/pcb_lib/symbols 
           C:/Cadence/SPB_17.2/share/pcb/allegrolib/symbols 
           C:/orcad/pcb_symbols/ 

PADPATH =  . 
           symbols 
           .. 
           ../symbols 
           C:/Cadence/SPB_17.2/share/local/pcb/padstacks 
           C:/Cadence/SPB_17.2/share/pcb/pcb_lib/symbols 
           C:/Cadence/SPB_17.2/share/pcb/allegrolib/symbols 
           C:/orcad/pcb_symbols/ 


------ Symbol Refresh Messages ------

'POT_3362P'  symbol refreshed successfully.


----- Symbol Update Summary ----

Updated symbols: 1 out 1
    Design updated.

