(---------------------------------------------------------------------)
(                                                                     )
(    STEP Export                                                      )
(                                                                     )
(    Software Version : 17.2S055                                      )
(    Date/Time        : Fri Jul 19 13:40:16 2019                      )
(                                                                     )
(---------------------------------------------------------------------)




STEP file: sensor
Design file: C:/ORCAD_PROJECTS/RAILROAD/allegro/sensor.brd
Export units: Millimeter
STEP protocol: AP-214
Source identification: allegro_17.2S055
Export selected and highlighted parts?: NO
Export secondary parts?: NO
Export parts with mapped STEP Models?: NO
Ignore STEP definitions for mapped parts?: NO
Export parts without mapped STEP Models?: NO
Export assemblies and enclosures parts?: NO
Export mechanical drills?: YES
Export electrical through pin drills?: YES
Export electrical through via drills?: YES
Export bare board only?: YES
Export external copper?: YES
step_out complete.
